<?xml version="1.0" encoding="UTF-8"?>
<testsuite xmlns:xsi="http://www.w3.org/2001/XMLSchema-instance" xsi:noNamespaceSchemaLocation="https://maven.apache.org/surefire/maven-surefire-plugin/xsd/surefire-test-report-3.0.xsd" version="3.0" name="runner.TestRunnerTest" time="385.588" tests="46" errors="8" skipped="14" failures="0">
  <properties>
[...]
</properties>
  <testcase name="Given user navigate to https://alzheimers-donations.wpnc-uat.site/" classname="Scenario: verify user can donate £12" time="0.006"/>
  <testcase name="And user click on monthly donation tab" classname="Scenario: verify user can donate £12" time="0"/>
  <testcase name="And user click £12 button" classname="Scenario: verify user can donate £12" time="0"/>
  <testcase name="And user click landing page continue tab" classname="Scenario: verify user can donate £12" time="0"/>
  <testcase name="And user click donation amount continue tab" classname="Scenario: verify user can donate £12" time="0"/>
  <testcase name="And user fill my detail page" classname="Scenario: verify user can donate £12" time="0"/>
  <testcase name="And user fill my address page" classname="Scenario: verify user can donate £12" time="0.018">
    <error message="Expected condition failed: waiting for visibility of Proxy element for: DefaultElementLocator &apos;By.xpath: //input[@id=&quot;AddressSameYes&quot;]&apos; (tried for 60 second(s) with 500 MILLISECONDS interval)" type="org.openqa.selenium.TimeoutException"><![CDATA[org.openqa.selenium.TimeoutException: Expected condition failed: waiting for visibility of Proxy element for: DefaultElementLocator 'By.xpath: //input[@id="AddressSameYes"]' (tried for 60 second(s) with 500 MILLISECONDS interval)
Caused by: org.openqa.selenium.NoSuchElementException: 
no such element: Unable to locate element: {"method":"xpath","selector":"//input[@id="AddressSameYes"]"}
  (Session info: chrome=79.0.3945.88)
For documentation on this error, please visit: http://seleniumhq.org/exceptions/no_such_element.html
Build info: version: '3.5.3', revision: 'a88d25fe6b', time: '2017-08-29T12:42:44.417Z'
System info: host: 'Yemis-MacBook-Air.local', ip: 'fe80:0:0:0:1c2d:6f0:684b:2105%en0', os.name: 'Mac OS X', os.arch: 'x86_64', os.version: '10.13.6', java.version: '1.8.0_201'
Driver info: org.openqa.selenium.chrome.ChromeDriver
Capabilities [{networkConnectionEnabled=false, chrome={chromedriverVersion=78.0.3904.105 (60e2d8774a8151efa6a00b1f358371b1e0e07ee2-refs/branch-heads/3904@{#877}), userDataDir=/var/folders/4r/svs2hp7x42n37v_vhwpvd4hm0000gn/T/.com.google.Chrome.htzM5c}, timeouts={implicit=0, pageLoad=300000, script=30000}, pageLoadStrategy=normal, unhandledPromptBehavior=dismiss and notify, strictFileInteractability=false, platform=MAC, proxy=Proxy(), goog:chromeOptions={debuggerAddress=localhost:63075}, acceptInsecureCerts=false, browserVersion=79.0.3945.88, browserName=chrome, javascriptEnabled=true, platformName=MAC, setWindowRect=true}]
Session ID: 2c850244fc6336a63d5fb959f6418882
*** Element info: {Using=xpath, value=//input[@id="AddressSameYes"]}
]]></error>
  </testcase>
  <testcase name="" classname="Scenario: verify user can donate £12" time="0.019">
    <error message="Expected condition failed: waiting for visibility of Proxy element for: DefaultElementLocator &apos;By.xpath: //input[@id=&quot;AddressSameYes&quot;]&apos; (tried for 60 second(s) with 500 MILLISECONDS interval)" type="org.openqa.selenium.TimeoutException"><![CDATA[org.openqa.selenium.TimeoutException: Expected condition failed: waiting for visibility of Proxy element for: DefaultElementLocator 'By.xpath: //input[@id="AddressSameYes"]' (tried for 60 second(s) with 500 MILLISECONDS interval)
Caused by: org.openqa.selenium.NoSuchElementException: 
no such element: Unable to locate element: {"method":"xpath","selector":"//input[@id="AddressSameYes"]"}
  (Session info: chrome=79.0.3945.88)
For documentation on this error, please visit: http://seleniumhq.org/exceptions/no_such_element.html
Build info: version: '3.5.3', revision: 'a88d25fe6b', time: '2017-08-29T12:42:44.417Z'
System info: host: 'Yemis-MacBook-Air.local', ip: 'fe80:0:0:0:1c2d:6f0:684b:2105%en0', os.name: 'Mac OS X', os.arch: 'x86_64', os.version: '10.13.6', java.version: '1.8.0_201'
Driver info: org.openqa.selenium.chrome.ChromeDriver
Capabilities [{networkConnectionEnabled=false, chrome={chromedriverVersion=78.0.3904.105 (60e2d8774a8151efa6a00b1f358371b1e0e07ee2-refs/branch-heads/3904@{#877}), userDataDir=/var/folders/4r/svs2hp7x42n37v_vhwpvd4hm0000gn/T/.com.google.Chrome.htzM5c}, timeouts={implicit=0, pageLoad=300000, script=30000}, pageLoadStrategy=normal, unhandledPromptBehavior=dismiss and notify, strictFileInteractability=false, platform=MAC, proxy=Proxy(), goog:chromeOptions={debuggerAddress=localhost:63075}, acceptInsecureCerts=false, browserVersion=79.0.3945.88, browserName=chrome, javascriptEnabled=true, platformName=MAC, setWindowRect=true}]
Session ID: 2c850244fc6336a63d5fb959f6418882
*** Element info: {Using=xpath, value=//input[@id="AddressSameYes"]}
]]></error>
  </testcase>
  <testcase name="And user fill direct debit detail page" classname="Scenario: verify user can donate £12" time="0">
    <skipped/>
  </testcase>
  <testcase name="And user click your details continue tab" classname="Scenario: verify user can donate £12" time="0">
    <skipped/>
  </testcase>
  <testcase name="When user click confirm page complete donation tab" classname="Scenario: verify user can donate £12" time="0">
    <skipped/>
  </testcase>
  <testcase name="Then Thank you for your donation page should be displayed" classname="Scenario: verify user can donate £12" time="0">
    <skipped/>
  </testcase>
  <testcase name="Given user navigate to https://alzheimers-donations.wpnc-uat.site/" classname="Scenario: verify user can donate £20" time="0"/>
  <testcase name="And user click on monthly donation tab" classname="Scenario: verify user can donate £20" time="0"/>
  <testcase name="And user click £20 tab" classname="Scenario: verify user can donate £20" time="0"/>
  <testcase name="And user click landing page continue tab" classname="Scenario: verify user can donate £20" time="0"/>
  <testcase name="And user click donation amount continue tab" classname="Scenario: verify user can donate £20" time="0"/>
  <testcase name="And user fill my detail page" classname="Scenario: verify user can donate £20" time="0"/>
  <testcase name="And user fill my address page" classname="Scenario: verify user can donate £20" time="0.003">
    <error message="Expected condition failed: waiting for visibility of Proxy element for: DefaultElementLocator &apos;By.xpath: //input[@id=&quot;AddressSameYes&quot;]&apos; (tried for 60 second(s) with 500 MILLISECONDS interval)" type="org.openqa.selenium.TimeoutException"><![CDATA[org.openqa.selenium.TimeoutException: Expected condition failed: waiting for visibility of Proxy element for: DefaultElementLocator 'By.xpath: //input[@id="AddressSameYes"]' (tried for 60 second(s) with 500 MILLISECONDS interval)
Caused by: org.openqa.selenium.NoSuchElementException: 
no such element: Unable to locate element: {"method":"xpath","selector":"//input[@id="AddressSameYes"]"}
  (Session info: chrome=79.0.3945.88)
For documentation on this error, please visit: http://seleniumhq.org/exceptions/no_such_element.html
Build info: version: '3.5.3', revision: 'a88d25fe6b', time: '2017-08-29T12:42:44.417Z'
System info: host: 'Yemis-MacBook-Air.local', ip: 'fe80:0:0:0:1c2d:6f0:684b:2105%en0', os.name: 'Mac OS X', os.arch: 'x86_64', os.version: '10.13.6', java.version: '1.8.0_201'
Driver info: org.openqa.selenium.chrome.ChromeDriver
Capabilities [{networkConnectionEnabled=false, chrome={chromedriverVersion=78.0.3904.105 (60e2d8774a8151efa6a00b1f358371b1e0e07ee2-refs/branch-heads/3904@{#877}), userDataDir=/var/folders/4r/svs2hp7x42n37v_vhwpvd4hm0000gn/T/.com.google.Chrome.oncRPz}, timeouts={implicit=0, pageLoad=300000, script=30000}, pageLoadStrategy=normal, unhandledPromptBehavior=dismiss and notify, strictFileInteractability=false, platform=MAC, proxy=Proxy(), goog:chromeOptions={debuggerAddress=localhost:63339}, acceptInsecureCerts=false, browserVersion=79.0.3945.88, browserName=chrome, javascriptEnabled=true, platformName=MAC, setWindowRect=true}]
Session ID: bcd7bb0b6e304dc83a56bb6cfe8ff9b4
*** Element info: {Using=xpath, value=//input[@id="AddressSameYes"]}
]]></error>
  </testcase>
  <testcase name="" classname="Scenario: verify user can donate £20" time="0.006">
    <error message="Expected condition failed: waiting for visibility of Proxy element for: DefaultElementLocator &apos;By.xpath: //input[@id=&quot;AddressSameYes&quot;]&apos; (tried for 60 second(s) with 500 MILLISECONDS interval)" type="org.openqa.selenium.TimeoutException"><![CDATA[org.openqa.selenium.TimeoutException: Expected condition failed: waiting for visibility of Proxy element for: DefaultElementLocator 'By.xpath: //input[@id="AddressSameYes"]' (tried for 60 second(s) with 500 MILLISECONDS interval)
Caused by: org.openqa.selenium.NoSuchElementException: 
no such element: Unable to locate element: {"method":"xpath","selector":"//input[@id="AddressSameYes"]"}
  (Session info: chrome=79.0.3945.88)
For documentation on this error, please visit: http://seleniumhq.org/exceptions/no_such_element.html
Build info: version: '3.5.3', revision: 'a88d25fe6b', time: '2017-08-29T12:42:44.417Z'
System info: host: 'Yemis-MacBook-Air.local', ip: 'fe80:0:0:0:1c2d:6f0:684b:2105%en0', os.name: 'Mac OS X', os.arch: 'x86_64', os.version: '10.13.6', java.version: '1.8.0_201'
Driver info: org.openqa.selenium.chrome.ChromeDriver
Capabilities [{networkConnectionEnabled=false, chrome={chromedriverVersion=78.0.3904.105 (60e2d8774a8151efa6a00b1f358371b1e0e07ee2-refs/branch-heads/3904@{#877}), userDataDir=/var/folders/4r/svs2hp7x42n37v_vhwpvd4hm0000gn/T/.com.google.Chrome.oncRPz}, timeouts={implicit=0, pageLoad=300000, script=30000}, pageLoadStrategy=normal, unhandledPromptBehavior=dismiss and notify, strictFileInteractability=false, platform=MAC, proxy=Proxy(), goog:chromeOptions={debuggerAddress=localhost:63339}, acceptInsecureCerts=false, browserVersion=79.0.3945.88, browserName=chrome, javascriptEnabled=true, platformName=MAC, setWindowRect=true}]
Session ID: bcd7bb0b6e304dc83a56bb6cfe8ff9b4
*** Element info: {Using=xpath, value=//input[@id="AddressSameYes"]}
]]></error>
  </testcase>
  <testcase name="And user fill direct debit detail page" classname="Scenario: verify user can donate £20" time="0">
    <skipped/>
  </testcase>
  <testcase name="And user click your details continue tab" classname="Scenario: verify user can donate £20" time="0">
    <skipped/>
  </testcase>
  <testcase name="When user click confirm page complete donation tab" classname="Scenario: verify user can donate £20" time="0">
    <skipped/>
  </testcase>
  <testcase name="Then Thank you for your donation page should be displayed" classname="Scenario: verify user can donate £20" time="0">
    <skipped/>
  </testcase>
  <testcase name="Given user navigate to https://alzheimers-donations.wpnc-uat.site/" classname="| 4000000000001000 |" time="0"/>
  <testcase name="And user click donate £50" classname="| 4000000000001000 |" time="0"/>
  <testcase name="And user click donation amount continue tab" classname="| 4000000000001000 |" time="0.001"/>
  <testcase name="And user click credit/debit card payment type" classname="| 4000000000001000 |" time="0.001"/>
  <testcase name="And user enters &quot;4000000000001000&quot;" classname="| 4000000000001000 |" time="0"/>
  <testcase name="And user fill my detail page" classname="| 4000000000001000 |" time="0.001"/>
  <testcase name="And user fill my address page" classname="| 4000000000001000 |" time="0.004">
    <error message="chrome not reachable&#10;  (Session info: chrome=79.0.3945.88)&#10;Build info: version: &apos;3.5.3&apos;, revision: &apos;a88d25fe6b&apos;, time: &apos;2017-08-29T12:42:44.417Z&apos;&#10;System info: host: &apos;Yemis-MacBook-Air.local&apos;, ip: &apos;fe80:0:0:0:1c2d:6f0:684b:2105%en0&apos;, os.name: &apos;Mac OS X&apos;, os.arch: &apos;x86_64&apos;, os.version: &apos;10.13.6&apos;, java.version: &apos;1.8.0_201&apos;&#10;Driver info: org.openqa.selenium.chrome.ChromeDriver&#10;Capabilities [{networkConnectionEnabled=false, chrome={chromedriverVersion=78.0.3904.105 (60e2d8774a8151efa6a00b1f358371b1e0e07ee2-refs/branch-heads/3904@{#877}), userDataDir=/var/folders/4r/svs2hp7x42n37v_vhwpvd4hm0000gn/T/.com.google.Chrome.bIhJnC}, timeouts={implicit=0, pageLoad=300000, script=30000}, pageLoadStrategy=normal, unhandledPromptBehavior=dismiss and notify, strictFileInteractability=false, platform=MAC, proxy=Proxy(), goog:chromeOptions={debuggerAddress=localhost:63713}, acceptInsecureCerts=false, browserVersion=79.0.3945.88, browserName=chrome, javascriptEnabled=true, platformName=MAC, setWindowRect=true}]&#10;Session ID: 7f8267b88f85b9d1e10ed19be3c83f6d&#10;*** Element info: {Using=xpath, value=//input[@id=&quot;AddressSameYes&quot;]}" type="org.openqa.selenium.WebDriverException"><![CDATA[org.openqa.selenium.WebDriverException: 
chrome not reachable
  (Session info: chrome=79.0.3945.88)
Build info: version: '3.5.3', revision: 'a88d25fe6b', time: '2017-08-29T12:42:44.417Z'
System info: host: 'Yemis-MacBook-Air.local', ip: 'fe80:0:0:0:1c2d:6f0:684b:2105%en0', os.name: 'Mac OS X', os.arch: 'x86_64', os.version: '10.13.6', java.version: '1.8.0_201'
Driver info: org.openqa.selenium.chrome.ChromeDriver
Capabilities [{networkConnectionEnabled=false, chrome={chromedriverVersion=78.0.3904.105 (60e2d8774a8151efa6a00b1f358371b1e0e07ee2-refs/branch-heads/3904@{#877}), userDataDir=/var/folders/4r/svs2hp7x42n37v_vhwpvd4hm0000gn/T/.com.google.Chrome.bIhJnC}, timeouts={implicit=0, pageLoad=300000, script=30000}, pageLoadStrategy=normal, unhandledPromptBehavior=dismiss and notify, strictFileInteractability=false, platform=MAC, proxy=Proxy(), goog:chromeOptions={debuggerAddress=localhost:63713}, acceptInsecureCerts=false, browserVersion=79.0.3945.88, browserName=chrome, javascriptEnabled=true, platformName=MAC, setWindowRect=true}]
Session ID: 7f8267b88f85b9d1e10ed19be3c83f6d
*** Element info: {Using=xpath, value=//input[@id="AddressSameYes"]}
]]></error>
  </testcase>
  <testcase name="" classname="| 4000000000001000 |" time="0.005">
    <error message="chrome not reachable&#10;  (Session info: chrome=79.0.3945.88)&#10;Build info: version: &apos;3.5.3&apos;, revision: &apos;a88d25fe6b&apos;, time: &apos;2017-08-29T12:42:44.417Z&apos;&#10;System info: host: &apos;Yemis-MacBook-Air.local&apos;, ip: &apos;fe80:0:0:0:1c2d:6f0:684b:2105%en0&apos;, os.name: &apos;Mac OS X&apos;, os.arch: &apos;x86_64&apos;, os.version: &apos;10.13.6&apos;, java.version: &apos;1.8.0_201&apos;&#10;Driver info: org.openqa.selenium.chrome.ChromeDriver&#10;Capabilities [{networkConnectionEnabled=false, chrome={chromedriverVersion=78.0.3904.105 (60e2d8774a8151efa6a00b1f358371b1e0e07ee2-refs/branch-heads/3904@{#877}), userDataDir=/var/folders/4r/svs2hp7x42n37v_vhwpvd4hm0000gn/T/.com.google.Chrome.bIhJnC}, timeouts={implicit=0, pageLoad=300000, script=30000}, pageLoadStrategy=normal, unhandledPromptBehavior=dismiss and notify, strictFileInteractability=false, platform=MAC, proxy=Proxy(), goog:chromeOptions={debuggerAddress=localhost:63713}, acceptInsecureCerts=false, browserVersion=79.0.3945.88, browserName=chrome, javascriptEnabled=true, platformName=MAC, setWindowRect=true}]&#10;Session ID: 7f8267b88f85b9d1e10ed19be3c83f6d&#10;*** Element info: {Using=xpath, value=//input[@id=&quot;AddressSameYes&quot;]}" type="org.openqa.selenium.WebDriverException"><![CDATA[org.openqa.selenium.WebDriverException: 
chrome not reachable
  (Session info: chrome=79.0.3945.88)
Build info: version: '3.5.3', revision: 'a88d25fe6b', time: '2017-08-29T12:42:44.417Z'
System info: host: 'Yemis-MacBook-Air.local', ip: 'fe80:0:0:0:1c2d:6f0:684b:2105%en0', os.name: 'Mac OS X', os.arch: 'x86_64', os.version: '10.13.6', java.version: '1.8.0_201'
Driver info: org.openqa.selenium.chrome.ChromeDriver
Capabilities [{networkConnectionEnabled=false, chrome={chromedriverVersion=78.0.3904.105 (60e2d8774a8151efa6a00b1f358371b1e0e07ee2-refs/branch-heads/3904@{#877}), userDataDir=/var/folders/4r/svs2hp7x42n37v_vhwpvd4hm0000gn/T/.com.google.Chrome.bIhJnC}, timeouts={implicit=0, pageLoad=300000, script=30000}, pageLoadStrategy=normal, unhandledPromptBehavior=dismiss and notify, strictFileInteractability=false, platform=MAC, proxy=Proxy(), goog:chromeOptions={debuggerAddress=localhost:63713}, acceptInsecureCerts=false, browserVersion=79.0.3945.88, browserName=chrome, javascriptEnabled=true, platformName=MAC, setWindowRect=true}]
Session ID: 7f8267b88f85b9d1e10ed19be3c83f6d
*** Element info: {Using=xpath, value=//input[@id="AddressSameYes"]}
]]></error>
  </testcase>
  <testcase name="When user click single donation confirm page complete donation tab" classname="| 4000000000001000 |" time="0">
    <skipped/>
  </testcase>
  <testcase name="Then Thank you for your donation page should be displayed" classname="| 4000000000001000 |" time="0">
    <skipped/>
  </testcase>
  <testcase name="Given user navigate to https://alzheimers-donations.wpnc-uat.site/" classname="Scenario: verify user can donate £5" time="0"/>
  <testcase name="And user click on monthly donation tab" classname="Scenario: verify user can donate £5" time="0"/>
  <testcase name="And user click £5 donation" classname="Scenario: verify user can donate £5" time="0"/>
  <testcase name="And user click landing page continue tab" classname="Scenario: verify user can donate £5" time="0"/>
  <testcase name="And user click donation amount continue tab" classname="Scenario: verify user can donate £5" time="0"/>
  <testcase name="And user fill my detail page" classname="Scenario: verify user can donate £5" time="0"/>
  <testcase name="And user fill my address page" classname="Scenario: verify user can donate £5" time="0.002">
    <error message="Expected condition failed: waiting for visibility of [[ChromeDriver: chrome on MAC (829a4ebf8e96f56a2559d3e456ae1580)] -&gt; xpath: //input[@id=&quot;AddressSameYes&quot;]] (tried for 60 second(s) with 500 MILLISECONDS interval)" type="org.openqa.selenium.TimeoutException"><![CDATA[org.openqa.selenium.TimeoutException: Expected condition failed: waiting for visibility of [[ChromeDriver: chrome on MAC (829a4ebf8e96f56a2559d3e456ae1580)] -> xpath: //input[@id="AddressSameYes"]] (tried for 60 second(s) with 500 MILLISECONDS interval)
Caused by: org.openqa.selenium.NoSuchElementException: 
no such element: Unable to locate element: {"method":"xpath","selector":"//input[@id="AddressSameYes"]"}
  (Session info: chrome=79.0.3945.88)
For documentation on this error, please visit: http://seleniumhq.org/exceptions/no_such_element.html
Build info: version: '3.5.3', revision: 'a88d25fe6b', time: '2017-08-29T12:42:44.417Z'
System info: host: 'Yemis-MacBook-Air.local', ip: 'fe80:0:0:0:1c2d:6f0:684b:2105%en0', os.name: 'Mac OS X', os.arch: 'x86_64', os.version: '10.13.6', java.version: '1.8.0_201'
Driver info: org.openqa.selenium.chrome.ChromeDriver
Capabilities [{networkConnectionEnabled=false, chrome={chromedriverVersion=78.0.3904.105 (60e2d8774a8151efa6a00b1f358371b1e0e07ee2-refs/branch-heads/3904@{#877}), userDataDir=/var/folders/4r/svs2hp7x42n37v_vhwpvd4hm0000gn/T/.com.google.Chrome.v3GsSS}, timeouts={implicit=0, pageLoad=300000, script=30000}, pageLoadStrategy=normal, unhandledPromptBehavior=dismiss and notify, strictFileInteractability=false, platform=MAC, proxy=Proxy(), goog:chromeOptions={debuggerAddress=localhost:64063}, acceptInsecureCerts=false, browserVersion=79.0.3945.88, browserName=chrome, javascriptEnabled=true, platformName=MAC, setWindowRect=true}]
Session ID: 829a4ebf8e96f56a2559d3e456ae1580
*** Element info: {Using=xpath, value=//input[@id="AddressSameYes"]}
]]></error>
  </testcase>
  <testcase name="" classname="Scenario: verify user can donate £5" time="0.004">
    <error message="Expected condition failed: waiting for visibility of [[ChromeDriver: chrome on MAC (829a4ebf8e96f56a2559d3e456ae1580)] -&gt; xpath: //input[@id=&quot;AddressSameYes&quot;]] (tried for 60 second(s) with 500 MILLISECONDS interval)" type="org.openqa.selenium.TimeoutException"><![CDATA[org.openqa.selenium.TimeoutException: Expected condition failed: waiting for visibility of [[ChromeDriver: chrome on MAC (829a4ebf8e96f56a2559d3e456ae1580)] -> xpath: //input[@id="AddressSameYes"]] (tried for 60 second(s) with 500 MILLISECONDS interval)
Caused by: org.openqa.selenium.NoSuchElementException: 
no such element: Unable to locate element: {"method":"xpath","selector":"//input[@id="AddressSameYes"]"}
  (Session info: chrome=79.0.3945.88)
For documentation on this error, please visit: http://seleniumhq.org/exceptions/no_such_element.html
Build info: version: '3.5.3', revision: 'a88d25fe6b', time: '2017-08-29T12:42:44.417Z'
System info: host: 'Yemis-MacBook-Air.local', ip: 'fe80:0:0:0:1c2d:6f0:684b:2105%en0', os.name: 'Mac OS X', os.arch: 'x86_64', os.version: '10.13.6', java.version: '1.8.0_201'
Driver info: org.openqa.selenium.chrome.ChromeDriver
Capabilities [{networkConnectionEnabled=false, chrome={chromedriverVersion=78.0.3904.105 (60e2d8774a8151efa6a00b1f358371b1e0e07ee2-refs/branch-heads/3904@{#877}), userDataDir=/var/folders/4r/svs2hp7x42n37v_vhwpvd4hm0000gn/T/.com.google.Chrome.v3GsSS}, timeouts={implicit=0, pageLoad=300000, script=30000}, pageLoadStrategy=normal, unhandledPromptBehavior=dismiss and notify, strictFileInteractability=false, platform=MAC, proxy=Proxy(), goog:chromeOptions={debuggerAddress=localhost:64063}, acceptInsecureCerts=false, browserVersion=79.0.3945.88, browserName=chrome, javascriptEnabled=true, platformName=MAC, setWindowRect=true}]
Session ID: 829a4ebf8e96f56a2559d3e456ae1580
*** Element info: {Using=xpath, value=//input[@id="AddressSameYes"]}
]]></error>
  </testcase>
  <testcase name="And user fill direct debit detail page" classname="Scenario: verify user can donate £5" time="0">
    <skipped/>
  </testcase>
  <testcase name="And user click your details continue tab" classname="Scenario: verify user can donate £5" time="0">
    <skipped/>
  </testcase>
  <testcase name="When user click confirm page complete donation tab" classname="Scenario: verify user can donate £5" time="0">
    <skipped/>
  </testcase>
  <testcase name="Then Thank you for your donation page should be displayed" classname="Scenario: verify user can donate £5" time="0">
    <skipped/>
  </testcase>
</testsuite>